# JRE version: Java(TM) SE Runtime Environment (8.0_211-b12) (build 1.8.0_211-b12)
# Java VM: Java HotSpot(TM) 64-Bit Server VM (25.211-b12 mixed mode windows-amd64 compressed oops)
Heap:
 PSYoungGen      total 35328K, used 29278K [0x00000000eb300000, 0x00000000ed800000, 0x0000000100000000)
  eden space 32768K, 89% used [0x00000000eb300000,0x00000000ecf97bd8,0x00000000ed300000)
  from space 2560K, 0% used [0x00000000ed300000,0x00000000ed300000,0x00000000ed580000)
  to   space 2560K, 0% used [0x00000000ed580000,0x00000000ed580000,0x00000000ed800000)
 ParOldGen       total 44032K, used 43648K [0x00000000c1800000, 0x00000000c4300000, 0x00000000eb300000)
  object space 44032K, 99% used [0x00000000c1800000,0x00000000c42a00e8,0x00000000c4300000)
 Metaspace       used 11845K, capacity 12096K, committed 12160K, reserved 1060864K
  class space    used 1597K, capacity 1658K, committed 1664K, reserved 1048576K
GC Heap History (10 events):
Event: 11.161 GC heap before
{Heap before GC invocations=35 (full 10):
 PSYoungGen      total 35328K, used 32768K [0x00000000eb300000, 0x00000000ed800000, 0x0000000100000000)
  eden space 32768K, 100% used [0x00000000eb300000,0x00000000ed300000,0x00000000ed300000)
  from space 2560K, 0% used [0x00000000ed300000,0x00000000ed300000,0x00000000ed580000)
  to   space 2560K, 0% used [0x00000000ed580000,0x00000000ed580000,0x00000000ed800000)
 ParOldGen       total 44032K, used 43751K [0x00000000c1800000, 0x00000000c4300000, 0x00000000eb300000)
  object space 44032K, 99% used [0x00000000c1800000,0x00000000c42b9dd8,0x00000000c4300000)
 Metaspace       used 11588K, capacity 11860K, committed 12160K, reserved 1060864K
  class space    used 1559K, capacity 1622K, committed 1664K, reserved 1048576K
Event: 11.779 GC heap after
Heap after GC invocations=35 (full 10):
 PSYoungGen      total 35328K, used 7017K [0x00000000eb300000, 0x00000000ed800000, 0x0000000100000000)
  eden space 32768K, 21% used [0x00000000eb300000,0x00000000eb9da458,0x00000000ed300000)
  from space 2560K, 0% used [0x00000000ed300000,0x00000000ed300000,0x00000000ed580000)
  to   space 2560K, 0% used [0x00000000ed580000,0x00000000ed580000,0x00000000ed800000)
 ParOldGen       total 44032K, used 43722K [0x00000000c1800000, 0x00000000c4300000, 0x00000000eb300000)
  object space 44032K, 99% used [0x00000000c1800000,0x00000000c42b2b68,0x00000000c4300000)
 Metaspace       used 11588K, capacity 11860K, committed 12160K, reserved 1060864K
  class space    used 1559K, capacity 1622K, committed 1664K, reserved 1048576K
}
Event: 11.920 GC heap before
{Heap before GC invocations=36 (full 11):
 PSYoungGen      total 35328K, used 32768K [0x00000000eb300000, 0x00000000ed800000, 0x0000000100000000)
  eden space 32768K, 100% used [0x00000000eb300000,0x00000000ed300000,0x00000000ed300000)
  from space 2560K, 0% used [0x00000000ed300000,0x00000000ed300000,0x00000000ed580000)
  to   space 2560K, 0% used [0x00000000ed580000,0x00000000ed580000,0x00000000ed800000)
 ParOldGen       total 44032K, used 43722K [0x00000000c1800000, 0x00000000c4300000, 0x00000000eb300000)
  object space 44032K, 99% used [0x00000000c1800000,0x00000000c42b2b68,0x00000000c4300000)
 Metaspace       used 11588K, capacity 11860K, committed 12160K, reserved 1060864K
  class space    used 1559K, capacity 1622K, committed 1664K, reserved 1048576K
Event: 12.551 GC heap after
Heap after GC invocations=36 (full 11):
 PSYoungGen      total 35328K, used 8019K [0x00000000eb300000, 0x00000000ed800000, 0x0000000100000000)
  eden space 32768K, 24% used [0x00000000eb300000,0x00000000ebad4de8,0x00000000ed300000)
  from space 2560K, 0% used [0x00000000ed300000,0x00000000ed300000,0x00000000ed580000)
  to   space 2560K, 0% used [0x00000000ed580000,0x00000000ed580000,0x00000000ed800000)
 ParOldGen       total 44032K, used 43706K [0x00000000c1800000, 0x00000000c4300000, 0x00000000eb300000)
  object space 44032K, 99% used [0x00000000c1800000,0x00000000c42ae8c0,0x00000000c4300000)
 Metaspace       used 11588K, capacity 11860K, committed 12160K, reserved 1060864K
  class space    used 1559K, capacity 1622K, committed 1664K, reserved 1048576K
}
Event: 12.691 GC heap before
{Heap before GC invocations=37 (full 12):
 PSYoungGen      total 35328K, used 32768K [0x00000000eb300000, 0x00000000ed800000, 0x0000000100000000)
  eden space 32768K, 100% used [0x00000000eb300000,0x00000000ed300000,0x00000000ed300000)
  from space 2560K, 0% used [0x00000000ed300000,0x00000000ed300000,0x00000000ed580000)
  to   space 2560K, 0% used [0x00000000ed580000,0x00000000ed580000,0x00000000ed800000)
 ParOldGen       total 44032K, used 43706K [0x00000000c1800000, 0x00000000c4300000, 0x00000000eb300000)
  object space 44032K, 99% used [0x00000000c1800000,0x00000000c42ae8c0,0x00000000c4300000)
 Metaspace       used 11588K, capacity 11860K, committed 12160K, reserved 1060864K
  class space    used 1559K, capacity 1622K, committed 1664K, reserved 1048576K
Event: 13.224 GC heap after
Heap after GC invocations=37 (full 12):
 PSYoungGen      total 35328K, used 8768K [0x00000000eb300000, 0x00000000ed800000, 0x0000000100000000)
  eden space 32768K, 26% used [0x00000000eb300000,0x00000000ebb90280,0x00000000ed300000)
  from space 2560K, 0% used [0x00000000ed300000,0x00000000ed300000,0x00000000ed580000)
  to   space 2560K, 0% used [0x00000000ed580000,0x00000000ed580000,0x00000000ed800000)
 ParOldGen       total 44032K, used 43679K [0x00000000c1800000, 0x00000000c4300000, 0x00000000eb300000)
  object space 44032K, 99% used [0x00000000c1800000,0x00000000c42a7e18,0x00000000c4300000)
 Metaspace       used 11588K, capacity 11860K, committed 12160K, reserved 1060864K
  class space    used 1559K, capacity 1622K, committed 1664K, reserved 1048576K
}
Event: 13.354 GC heap before
{Heap before GC invocations=38 (full 13):
 PSYoungGen      total 35328K, used 32768K [0x00000000eb300000, 0x00000000ed800000, 0x0000000100000000)
  eden space 32768K, 100% used [0x00000000eb300000,0x00000000ed300000,0x00000000ed300000)
  from space 2560K, 0% used [0x00000000ed300000,0x00000000ed300000,0x00000000ed580000)
  to   space 2560K, 0% used [0x00000000ed580000,0x00000000ed580000,0x00000000ed800000)
 ParOldGen       total 44032K, used 43679K [0x00000000c1800000, 0x00000000c4300000, 0x00000000eb300000)
  object space 44032K, 99% used [0x00000000c1800000,0x00000000c42a7e18,0x00000000c4300000)
 Metaspace       used 11588K, capacity 11860K, committed 12160K, reserved 1060864K
  class space    used 1559K, capacity 1622K, committed 1664K, reserved 1048576K
Event: 13.924 GC heap after
Heap after GC invocations=38 (full 13):
 PSYoungGen      total 35328K, used 9394K [0x00000000eb300000, 0x00000000ed800000, 0x0000000100000000)
  eden space 32768K, 28% used [0x00000000eb300000,0x00000000ebc2c8a0,0x00000000ed300000)
  from space 2560K, 0% used [0x00000000ed300000,0x00000000ed300000,0x00000000ed580000)
  to   space 2560K, 0% used [0x00000000ed580000,0x00000000ed580000,0x00000000ed800000)
 ParOldGen       total 44032K, used 43662K [0x00000000c1800000, 0x00000000c4300000, 0x00000000eb300000)
  object space 44032K, 99% used [0x00000000c1800000,0x00000000c42a3ac0,0x00000000c4300000)
 Metaspace       used 11588K, capacity 11860K, committed 12160K, reserved 1060864K
  class space    used 1559K, capacity 1622K, committed 1664K, reserved 1048576K
}
Event: 14.078 GC heap before
{Heap before GC invocations=39 (full 14):
 PSYoungGen      total 35328K, used 32768K [0x00000000eb300000, 0x00000000ed800000, 0x0000000100000000)
  eden space 32768K, 100% used [0x00000000eb300000,0x00000000ed300000,0x00000000ed300000)
  from space 2560K, 0% used [0x00000000ed300000,0x00000000ed300000,0x00000000ed580000)
  to   space 2560K, 0% used [0x00000000ed580000,0x00000000ed580000,0x00000000ed800000)
 ParOldGen       total 44032K, used 43662K [0x00000000c1800000, 0x00000000c4300000, 0x00000000eb300000)
  object space 44032K, 99% used [0x00000000c1800000,0x00000000c42a3ac0,0x00000000c4300000)
 Metaspace       used 11588K, capacity 11860K, committed 12160K, reserved 1060864K
  class space    used 1559K, capacity 1622K, committed 1664K, reserved 1048576K
Event: 14.660 GC heap after
Heap after GC invocations=39 (full 14):
 PSYoungGen      total 35328K, used 10330K [0x00000000eb300000, 0x00000000ed800000, 0x0000000100000000)
  eden space 32768K, 31% used [0x00000000eb300000,0x00000000ebd16a10,0x00000000ed300000)
  from space 2560K, 0% used [0x00000000ed300000,0x00000000ed300000,0x00000000ed580000)
  to   space 2560K, 0% used [0x00000000ed580000,0x00000000ed580000,0x00000000ed800000)
 ParOldGen       total 44032K, used 43648K [0x00000000c1800000, 0x00000000c4300000, 0x00000000eb300000)
  object space 44032K, 99% used [0x00000000c1800000,0x00000000c42a00e8,0x00000000c4300000)
 Metaspace       used 11588K, capacity 11860K, committed 12160K, reserved 1060864K
  class space    used 1559K, capacity 1622K, committed 1664K, reserved 1048576K
}

